This file contains any messages produced by compilers while
running configure, to aid debugging if configure makes a mistake.

It was created by UVM-SystemC configure 1.0-alpha1, which was
generated by GNU Autoconf 2.63.  Invocation command line was

  $ ./configure --prefix=/cygdrive/c/tools/uvmsc/1.0a

## --------- ##
## Platform. ##
## --------- ##

hostname = ORW-H6SVSF2
uname -m = x86_64
uname -r = 2.8.0(0.309/5/3)
uname -s = CYGWIN_NT-10.0
uname -v = 2017-04-01 20:47

/usr/bin/uname -p = unknown
/bin/uname -X     = unknown

/bin/arch              = x86_64
/usr/bin/arch -k       = unknown
/usr/convex/getsysinfo = unknown
/usr/bin/hostinfo      = unknown
/bin/machine           = unknown
/usr/bin/oslevel       = unknown
/bin/universe          = unknown

PATH: /cygdrive/c/Qt/5.9.1/mingw53_32/bin
PATH: /cygdrive/c/Python27
PATH: /cygdrive/c/Python27/Scripts
PATH: /usr/local/bin
PATH: /usr/bin
PATH: /cygdrive/c/ProgramData/Oracle/Java/javapath
PATH: /cygdrive/c/Program Files (x86)/Intel/iCLS Client
PATH: /cygdrive/c/Program Files/Intel/iCLS Client
PATH: /cygdrive/c/WINDOWS/system32
PATH: /cygdrive/c/WINDOWS
PATH: /cygdrive/c/WINDOWS/System32/Wbem
PATH: /cygdrive/c/WINDOWS/System32/WindowsPowerShell/v1.0
PATH: /cygdrive/c/Program Files (x86)/Sennheiser/SoftphoneSDK
PATH: /cygdrive/c/Program Files (x86)/Intel/Intel(R) Management Engine Components/DAL
PATH: /cygdrive/c/Program Files/Intel/Intel(R) Management Engine Components/DAL
PATH: /cygdrive/c/Program Files (x86)/Intel/Intel(R) Management Engine Components/IPT
PATH: /cygdrive/c/Program Files/Intel/Intel(R) Management Engine Components/IPT
PATH: /cygdrive/c/Program Files (x86)/Skype/Phone
PATH: /cygdrive/c/Program Files/PuTTY
PATH: /cygdrive/c/Users/ballance/AppData/Local/Microsoft/WindowsApps


## ----------- ##
## Core tests. ##
## ----------- ##

configure:2167: checking build system type
configure:2185: result: x86_64-unknown-cygwin
configure:2207: checking host system type
configure:2222: result: x86_64-unknown-cygwin
configure:2244: checking target system type
configure:2259: result: x86_64-unknown-cygwin
configure:2303: checking for a BSD-compatible install
configure:2371: result: /usr/bin/install -c
configure:2382: checking whether build environment is sane
configure:2442: result: yes
configure:2583: checking for a thread-safe mkdir -p
configure:2622: result: /usr/bin/mkdir -p
configure:2635: checking for gawk
configure:2651: found /usr/bin/gawk
configure:2662: result: gawk
configure:2673: checking whether make sets $(MAKE)
configure:2695: result: yes
configure:2763: checking how to create a pax tar archive
configure:2776: tar --version
tar (GNU tar) 1.29
Packaged by Cygwin (1.29-1)
Copyright (C) 2015 Free Software Foundation, Inc.
License GPLv3+: GNU GPL version 3 or later <http://gnu.org/licenses/gpl.html>.
This is free software: you are free to change and redistribute it.
There is NO WARRANTY, to the extent permitted by law.

Written by John Gilmore and Jay Fenlason.
configure:2779: $? = 0
configure:2819: tardir=conftest.dir && eval tar --format=posix -chf - "$tardir" >conftest.tar
configure:2822: $? = 0
configure:2826: tar -xf - <conftest.tar
configure:2829: $? = 0
configure:2842: result: gnutar
configure:2914: checking for gcc
configure:2930: found /usr/bin/gcc
configure:2941: result: gcc
configure:3173: checking for C compiler version
configure:3181: gcc --version >&5
gcc (GCC) 5.4.0
Copyright (C) 2015 Free Software Foundation, Inc.
This is free software; see the source for copying conditions.  There is NO
warranty; not even for MERCHANTABILITY or FITNESS FOR A PARTICULAR PURPOSE.

configure:3185: $? = 0
configure:3192: gcc -v >&5
Using built-in specs.
COLLECT_GCC=gcc
COLLECT_LTO_WRAPPER=/usr/lib/gcc/x86_64-pc-cygwin/5.4.0/lto-wrapper.exe
Target: x86_64-pc-cygwin
Configured with: /cygdrive/i/szsz/tmpp/gcc/gcc-5.4.0-1.x86_64/src/gcc-5.4.0/configure --srcdir=/cygdrive/i/szsz/tmpp/gcc/gcc-5.4.0-1.x86_64/src/gcc-5.4.0 --prefix=/usr --exec-prefix=/usr --localstatedir=/var --sysconfdir=/etc --docdir=/usr/share/doc/gcc --htmldir=/usr/share/doc/gcc/html -C --build=x86_64-pc-cygwin --host=x86_64-pc-cygwin --target=x86_64-pc-cygwin --without-libiconv-prefix --without-libintl-prefix --libexecdir=/usr/lib --enable-shared --enable-shared-libgcc --enable-static --enable-version-specific-runtime-libs --enable-bootstrap --enable-__cxa_atexit --with-dwarf2 --with-tune=generic --enable-languages=ada,c,c++,fortran,lto,objc,obj-c++ --enable-graphite --enable-threads=posix --enable-libatomic --enable-libcilkrts --enable-libgomp --enable-libitm --enable-libquadmath --enable-libquadmath-support --enable-libssp --enable-libada --enable-libgcj-sublibs --disable-java-awt --disable-symvers --with-ecj-jar=/usr/share/java/ecj.jar --with-gnu-ld --with-gnu-as --with-cloog-include=/usr/include/cloog-isl --without-libiconv-prefix --without-libintl-prefix --with-system-zlib --enable-linker-build-id --with-default-libstdcxx-abi=gcc4-compatible
Thread model: posix
gcc version 5.4.0 (GCC) 
configure:3196: $? = 0
configure:3203: gcc -V >&5
gcc: error: unrecognized command line option '-V'
gcc: fatal error: no input files
compilation terminated.
configure:3207: $? = 1
configure:3230: checking for C compiler default output file name
configure:3252: gcc    conftest.c  >&5
configure:3256: $? = 0
configure:3294: result: a.exe
configure:3313: checking whether the C compiler works
configure:3323: ./a.exe
configure:3327: $? = 0
configure:3346: result: yes
configure:3353: checking whether we are cross compiling
configure:3355: result: no
configure:3358: checking for suffix of executables
configure:3365: gcc -o conftest.exe    conftest.c  >&5
configure:3369: $? = 0
configure:3395: result: .exe
configure:3401: checking for suffix of object files
configure:3427: gcc -c   conftest.c >&5
configure:3431: $? = 0
configure:3456: result: o
configure:3460: checking whether we are using the GNU C compiler
configure:3489: gcc -c   conftest.c >&5
configure:3496: $? = 0
configure:3513: result: yes
configure:3522: checking whether gcc accepts -g
configure:3552: gcc -c -g  conftest.c >&5
configure:3559: $? = 0
configure:3660: result: yes
configure:3677: checking for gcc option to accept ISO C89
configure:3751: gcc  -c   conftest.c >&5
configure:3758: $? = 0
configure:3781: result: none needed
configure:3810: checking for style of include used by make
configure:3838: result: GNU
configure:3863: checking dependency style of gcc
configure:3973: result: gcc3
configure:4046: checking for g++
configure:4062: found /usr/bin/g++
configure:4073: result: g++
configure:4100: checking for C++ compiler version
configure:4108: g++ --version >&5
g++ (GCC) 5.4.0
Copyright (C) 2015 Free Software Foundation, Inc.
This is free software; see the source for copying conditions.  There is NO
warranty; not even for MERCHANTABILITY or FITNESS FOR A PARTICULAR PURPOSE.

configure:4112: $? = 0
configure:4119: g++ -v >&5
Using built-in specs.
COLLECT_GCC=g++
COLLECT_LTO_WRAPPER=/usr/lib/gcc/x86_64-pc-cygwin/5.4.0/lto-wrapper.exe
Target: x86_64-pc-cygwin
Configured with: /cygdrive/i/szsz/tmpp/gcc/gcc-5.4.0-1.x86_64/src/gcc-5.4.0/configure --srcdir=/cygdrive/i/szsz/tmpp/gcc/gcc-5.4.0-1.x86_64/src/gcc-5.4.0 --prefix=/usr --exec-prefix=/usr --localstatedir=/var --sysconfdir=/etc --docdir=/usr/share/doc/gcc --htmldir=/usr/share/doc/gcc/html -C --build=x86_64-pc-cygwin --host=x86_64-pc-cygwin --target=x86_64-pc-cygwin --without-libiconv-prefix --without-libintl-prefix --libexecdir=/usr/lib --enable-shared --enable-shared-libgcc --enable-static --enable-version-specific-runtime-libs --enable-bootstrap --enable-__cxa_atexit --with-dwarf2 --with-tune=generic --enable-languages=ada,c,c++,fortran,lto,objc,obj-c++ --enable-graphite --enable-threads=posix --enable-libatomic --enable-libcilkrts --enable-libgomp --enable-libitm --enable-libquadmath --enable-libquadmath-support --enable-libssp --enable-libada --enable-libgcj-sublibs --disable-java-awt --disable-symvers --with-ecj-jar=/usr/share/java/ecj.jar --with-gnu-ld --with-gnu-as --with-cloog-include=/usr/include/cloog-isl --without-libiconv-prefix --without-libintl-prefix --with-system-zlib --enable-linker-build-id --with-default-libstdcxx-abi=gcc4-compatible
Thread model: posix
gcc version 5.4.0 (GCC) 
configure:4123: $? = 0
configure:4130: g++ -V >&5
g++: error: unrecognized command line option '-V'
g++: fatal error: no input files
compilation terminated.
configure:4134: $? = 1
configure:4137: checking whether we are using the GNU C++ compiler
configure:4166: g++ -c   conftest.cpp >&5
configure:4173: $? = 0
configure:4190: result: yes
configure:4199: checking whether g++ accepts -g
configure:4229: g++ -c -g  conftest.cpp >&5
configure:4236: $? = 0
configure:4337: result: yes
configure:4362: checking dependency style of g++
configure:4472: result: gcc3
configure:4501: checking for a BSD-compatible install
configure:4569: result: /usr/bin/install -c
configure:4580: checking whether ln -s works
configure:4584: result: yes
configure:4765: checking whether to include debug symbols
configure:4779: result: not defined
configure:4783: checking whether to enable code profiling
configure:4801: result: no
configure:4837: checking whether to enable compiler optimizations
configure:4851: result: yes
configure:4867: checking how installed files will be laid out
configure:4892: result: SystemC
configure:4936: checking for SystemC library arch suffix
configure:4951: result: default (TARGET_ARCH=cygwin64)
configure:5024: checking for pkg-config
configure:5042: found /usr/bin/pkg-config
configure:5054: result: /usr/bin/pkg-config
configure:5079: checking pkg-config is at least version 0.9.0
configure:5082: result: yes
configure:5093: checking for SYSTEMC
configure:5100: $PKG_CONFIG --exists --print-errors "systemc >= 2.3.0"
Package systemc was not found in the pkg-config search path.
Perhaps you should add the directory containing `systemc.pc'
to the PKG_CONFIG_PATH environment variable
No package 'systemc' found
configure:5103: $? = 1
configure:5116: $PKG_CONFIG --exists --print-errors "systemc >= 2.3.0"
Package systemc was not found in the pkg-config search path.
Perhaps you should add the directory containing `systemc.pc'
to the PKG_CONFIG_PATH environment variable
No package 'systemc' found
configure:5119: $? = 1
No package 'systemc' found
configure:5146: result: no
configure:5149: checking for SystemC library home
configure:5154: result: found in $SYSTEMC_HOME
configure:5180: result: /cygdrive/c/tools/systemc/2.3.1a
configure:5196: checking for /cygdrive/c/tools/systemc/2.3.1a/include/systemc.h
configure:5199: result: yes
configure:5948: checking for regfree in -lregex
configure:5983: gcc -o conftest.exe    conftest.c -lregex   >&5
/usr/lib/gcc/x86_64-pc-cygwin/5.4.0/../../../../x86_64-pc-cygwin/bin/ld: cannot find -lregex
collect2: error: ld returned 1 exit status
configure:5990: $? = 1
configure: failed program was:
| /* confdefs.h.  */
| #define PACKAGE_NAME "UVM-SystemC"
| #define PACKAGE_TARNAME "uvm-systemc"
| #define PACKAGE_VERSION "1.0-alpha1"
| #define PACKAGE_STRING "UVM-SystemC 1.0-alpha1"
| #define PACKAGE_BUGREPORT "uvm-systemc-feedback@lists.accellera.org"
| #define CONFIGURE_DATE "Tue Aug  8 10:01:21 PDT 2017"
| #define UVM_VERSION "1.0-alpha1"
| #define UVM_RELEASE_DATE "2015-12-04"
| /* end confdefs.h.  */
| 
| /* Override any GCC internal prototype to avoid an error.
|    Use char because int might match the return type of a GCC
|    builtin and then its argument prototype would still apply.  */
| #ifdef __cplusplus
| extern "C"
| #endif
| char regfree ();
| int
| main ()
| {
| return regfree ();
|   ;
|   return 0;
| }
configure:6011: result: no
configure:6016: checking for library containing regfree
configure:6057: gcc -o conftest.exe    conftest.c  >&5
configure:6064: $? = 0
configure:6095: result: none required
configure:6172: checking for a sed that does not truncate output
configure:6238: result: /usr/bin/sed
configure:6256: checking for grep that handles long lines and -e
configure:6316: result: /usr/bin/grep
configure:6321: checking for egrep
configure:6385: result: /usr/bin/grep -E
configure:6390: checking for fgrep
configure:6454: result: /usr/bin/grep -F
configure:6489: checking for ld used by gcc
configure:6556: result: /usr/x86_64-pc-cygwin/bin/ld.exe
configure:6565: checking if the linker (/usr/x86_64-pc-cygwin/bin/ld.exe) is GNU ld
configure:6580: result: yes
configure:6592: checking for BSD- or MS-compatible name lister (nm)
configure:6641: result: /usr/bin/nm -B
configure:6759: checking the name lister (/usr/bin/nm -B) interface
configure:6766: g++ -c -Wall -pedantic -Wno-long-long -Wno-variadic-macros -fmessage-length=0 -m64   conftest.cpp >&5
configure:6769: /usr/bin/nm -B "conftest.o"
configure:6772: output
0000000000000000 b .bss
0000000000000000 d .data
0000000000000000 r .rdata$zzz
0000000000000000 t .text
0000000000000000 B some_variable
configure:6779: result: BSD nm
configure:6783: checking the maximum length of command line arguments
configure:6903: result: 8192
configure:6920: checking whether the shell understands some XSI constructs
configure:6930: result: yes
configure:6934: checking whether the shell understands "+="
configure:6940: result: yes
configure:6975: checking for /usr/x86_64-pc-cygwin/bin/ld.exe option to reload object files
configure:6982: result: -r
configure:7051: checking for objdump
configure:7067: found /usr/bin/objdump
configure:7078: result: objdump
configure:7110: checking how to recognize dependent libraries
configure:7306: result: file_magic ^x86 archive import|^x86 DLL
configure:7366: checking for ar
configure:7382: found /usr/bin/ar
configure:7393: result: ar
configure:7471: checking for strip
configure:7487: found /usr/bin/strip
configure:7498: result: strip
configure:7570: checking for ranlib
configure:7586: found /usr/bin/ranlib
configure:7597: result: ranlib
configure:7687: checking command to parse /usr/bin/nm -B output from gcc object
configure:7805: g++ -c -Wall -pedantic -Wno-long-long -Wno-variadic-macros -fmessage-length=0 -m64   conftest.cpp >&5
configure:7808: $? = 0
configure:7812: /usr/bin/nm -B conftest.o \| sed -n -e 's/^.*[	 ]\([ABCDGIRSTW][ABCDGIRSTW]*\)[	 ][	 ]*\([_A-Za-z][_A-Za-z0-9]*\)$/\1 \2 \2/p' \> conftest.nm
configure:7815: $? = 0
configure:7869: g++ -o conftest.exe -Wall -pedantic -Wno-long-long -Wno-variadic-macros -fmessage-length=0 -m64    conftest.cpp conftstm.o >&5
configure:7872: $? = 0
configure:7910: result: ok
configure:8776: checking how to run the C preprocessor
configure:8816: gcc -E  conftest.c
configure:8823: $? = 0
configure:8854: gcc -E  conftest.c
conftest.c:12:28: fatal error: ac_nonexistent.h: No such file or directory
compilation terminated.
configure:8861: $? = 1
configure: failed program was:
| /* confdefs.h.  */
| #define PACKAGE_NAME "UVM-SystemC"
| #define PACKAGE_TARNAME "uvm-systemc"
| #define PACKAGE_VERSION "1.0-alpha1"
| #define PACKAGE_STRING "UVM-SystemC 1.0-alpha1"
| #define PACKAGE_BUGREPORT "uvm-systemc-feedback@lists.accellera.org"
| #define CONFIGURE_DATE "Tue Aug  8 10:01:21 PDT 2017"
| #define UVM_VERSION "1.0-alpha1"
| #define UVM_RELEASE_DATE "2015-12-04"
| #define HAVE_POSIX_REGEX 1
| /* end confdefs.h.  */
| #include <ac_nonexistent.h>
configure:8894: result: gcc -E
configure:8923: gcc -E  conftest.c
configure:8930: $? = 0
configure:8961: gcc -E  conftest.c
conftest.c:12:28: fatal error: ac_nonexistent.h: No such file or directory
compilation terminated.
configure:8968: $? = 1
configure: failed program was:
| /* confdefs.h.  */
| #define PACKAGE_NAME "UVM-SystemC"
| #define PACKAGE_TARNAME "uvm-systemc"
| #define PACKAGE_VERSION "1.0-alpha1"
| #define PACKAGE_STRING "UVM-SystemC 1.0-alpha1"
| #define PACKAGE_BUGREPORT "uvm-systemc-feedback@lists.accellera.org"
| #define CONFIGURE_DATE "Tue Aug  8 10:01:21 PDT 2017"
| #define UVM_VERSION "1.0-alpha1"
| #define UVM_RELEASE_DATE "2015-12-04"
| #define HAVE_POSIX_REGEX 1
| /* end confdefs.h.  */
| #include <ac_nonexistent.h>
configure:9008: checking for ANSI C header files
configure:9038: gcc -c   conftest.c >&5
configure:9045: $? = 0
configure:9144: gcc -o conftest.exe    conftest.c  >&5
configure:9148: $? = 0
configure:9154: ./conftest.exe
configure:9158: $? = 0
configure:9176: result: yes
configure:9200: checking for sys/types.h
configure:9221: gcc -c   conftest.c >&5
configure:9228: $? = 0
configure:9245: result: yes
configure:9200: checking for sys/stat.h
configure:9221: gcc -c   conftest.c >&5
configure:9228: $? = 0
configure:9245: result: yes
configure:9200: checking for stdlib.h
configure:9221: gcc -c   conftest.c >&5
configure:9228: $? = 0
configure:9245: result: yes
configure:9200: checking for string.h
configure:9221: gcc -c   conftest.c >&5
configure:9228: $? = 0
configure:9245: result: yes
configure:9200: checking for memory.h
configure:9221: gcc -c   conftest.c >&5
configure:9228: $? = 0
configure:9245: result: yes
configure:9200: checking for strings.h
configure:9221: gcc -c   conftest.c >&5
configure:9228: $? = 0
configure:9245: result: yes
configure:9200: checking for inttypes.h
configure:9221: gcc -c   conftest.c >&5
configure:9228: $? = 0
configure:9245: result: yes
configure:9200: checking for stdint.h
configure:9221: gcc -c   conftest.c >&5
configure:9228: $? = 0
configure:9245: result: yes
configure:9200: checking for unistd.h
configure:9221: gcc -c   conftest.c >&5
configure:9228: $? = 0
configure:9245: result: yes
configure:9263: checking for dlfcn.h
configure:9284: gcc -c   conftest.c >&5
configure:9291: $? = 0
configure:9308: result: yes
configure:9435: checking for C++ compiler version
configure:9443: g++ --version >&5
g++ (GCC) 5.4.0
Copyright (C) 2015 Free Software Foundation, Inc.
This is free software; see the source for copying conditions.  There is NO
warranty; not even for MERCHANTABILITY or FITNESS FOR A PARTICULAR PURPOSE.

configure:9447: $? = 0
configure:9454: g++ -v >&5
Using built-in specs.
COLLECT_GCC=g++
COLLECT_LTO_WRAPPER=/usr/lib/gcc/x86_64-pc-cygwin/5.4.0/lto-wrapper.exe
Target: x86_64-pc-cygwin
Configured with: /cygdrive/i/szsz/tmpp/gcc/gcc-5.4.0-1.x86_64/src/gcc-5.4.0/configure --srcdir=/cygdrive/i/szsz/tmpp/gcc/gcc-5.4.0-1.x86_64/src/gcc-5.4.0 --prefix=/usr --exec-prefix=/usr --localstatedir=/var --sysconfdir=/etc --docdir=/usr/share/doc/gcc --htmldir=/usr/share/doc/gcc/html -C --build=x86_64-pc-cygwin --host=x86_64-pc-cygwin --target=x86_64-pc-cygwin --without-libiconv-prefix --without-libintl-prefix --libexecdir=/usr/lib --enable-shared --enable-shared-libgcc --enable-static --enable-version-specific-runtime-libs --enable-bootstrap --enable-__cxa_atexit --with-dwarf2 --with-tune=generic --enable-languages=ada,c,c++,fortran,lto,objc,obj-c++ --enable-graphite --enable-threads=posix --enable-libatomic --enable-libcilkrts --enable-libgomp --enable-libitm --enable-libquadmath --enable-libquadmath-support --enable-libssp --enable-libada --enable-libgcj-sublibs --disable-java-awt --disable-symvers --with-ecj-jar=/usr/share/java/ecj.jar --with-gnu-ld --with-gnu-as --with-cloog-include=/usr/include/cloog-isl --without-libiconv-prefix --without-libintl-prefix --with-system-zlib --enable-linker-build-id --with-default-libstdcxx-abi=gcc4-compatible
Thread model: posix
gcc version 5.4.0 (GCC) 
configure:9458: $? = 0
configure:9465: g++ -V >&5
g++: error: unrecognized command line option '-V'
g++: fatal error: no input files
compilation terminated.
configure:9469: $? = 1
configure:9472: checking whether we are using the GNU C++ compiler
configure:9525: result: yes
configure:9534: checking whether g++ accepts -g
configure:9672: result: yes
configure:9697: checking dependency style of g++
configure:9807: result: gcc3
configure:9830: checking how to run the C++ preprocessor
configure:9866: g++ -E  conftest.cpp
configure:9873: $? = 0
configure:9904: g++ -E  conftest.cpp
conftest.cpp:23:28: fatal error: ac_nonexistent.h: No such file or directory
compilation terminated.
configure:9911: $? = 1
configure: failed program was:
| /* confdefs.h.  */
| #define PACKAGE_NAME "UVM-SystemC"
| #define PACKAGE_TARNAME "uvm-systemc"
| #define PACKAGE_VERSION "1.0-alpha1"
| #define PACKAGE_STRING "UVM-SystemC 1.0-alpha1"
| #define PACKAGE_BUGREPORT "uvm-systemc-feedback@lists.accellera.org"
| #define CONFIGURE_DATE "Tue Aug  8 10:01:21 PDT 2017"
| #define UVM_VERSION "1.0-alpha1"
| #define UVM_RELEASE_DATE "2015-12-04"
| #define HAVE_POSIX_REGEX 1
| #define STDC_HEADERS 1
| #define HAVE_SYS_TYPES_H 1
| #define HAVE_SYS_STAT_H 1
| #define HAVE_STDLIB_H 1
| #define HAVE_STRING_H 1
| #define HAVE_MEMORY_H 1
| #define HAVE_STRINGS_H 1
| #define HAVE_INTTYPES_H 1
| #define HAVE_STDINT_H 1
| #define HAVE_UNISTD_H 1
| #define HAVE_DLFCN_H 1
| /* end confdefs.h.  */
| #include <ac_nonexistent.h>
configure:9944: result: g++ -E
configure:9973: g++ -E  conftest.cpp
configure:9980: $? = 0
configure:10011: g++ -E  conftest.cpp
conftest.cpp:23:28: fatal error: ac_nonexistent.h: No such file or directory
compilation terminated.
configure:10018: $? = 1
configure: failed program was:
| /* confdefs.h.  */
| #define PACKAGE_NAME "UVM-SystemC"
| #define PACKAGE_TARNAME "uvm-systemc"
| #define PACKAGE_VERSION "1.0-alpha1"
| #define PACKAGE_STRING "UVM-SystemC 1.0-alpha1"
| #define PACKAGE_BUGREPORT "uvm-systemc-feedback@lists.accellera.org"
| #define CONFIGURE_DATE "Tue Aug  8 10:01:21 PDT 2017"
| #define UVM_VERSION "1.0-alpha1"
| #define UVM_RELEASE_DATE "2015-12-04"
| #define HAVE_POSIX_REGEX 1
| #define STDC_HEADERS 1
| #define HAVE_SYS_TYPES_H 1
| #define HAVE_SYS_STAT_H 1
| #define HAVE_STDLIB_H 1
| #define HAVE_STRING_H 1
| #define HAVE_MEMORY_H 1
| #define HAVE_STRINGS_H 1
| #define HAVE_INTTYPES_H 1
| #define HAVE_STDINT_H 1
| #define HAVE_UNISTD_H 1
| #define HAVE_DLFCN_H 1
| /* end confdefs.h.  */
| #include <ac_nonexistent.h>
configure:10231: checking for objdir
configure:10246: result: .libs
configure:10542: checking if gcc supports -fno-rtti -fno-exceptions
configure:10560: gcc -c   -fno-rtti -fno-exceptions conftest.c >&5
cc1: warning: command line option '-fno-rtti' is valid for C++/ObjC++ but not for C
configure:10564: $? = 0
configure:10577: result: no
configure:10597: checking for gcc option to produce PIC
configure:10869: result: -DDLL_EXPORT -DPIC
configure:10881: checking if gcc PIC flag -DDLL_EXPORT -DPIC works
configure:10899: gcc -c   -DDLL_EXPORT -DPIC -DPIC conftest.c >&5
configure:10903: $? = 0
configure:10916: result: yes
configure:10940: checking if gcc static flag -static works
configure:10968: result: yes
configure:10983: checking if gcc supports -c -o file.o
configure:11004: gcc -c   -o out/conftest2.o conftest.c >&5
configure:11008: $? = 0
configure:11030: result: yes
configure:11038: checking if gcc supports -c -o file.o
configure:11085: result: yes
configure:11118: checking whether the gcc linker (/usr/x86_64-pc-cygwin/bin/ld.exe) supports shared libraries
configure:12192: result: yes
configure:12229: checking whether -lc should be explicitly linked in
configure:12234: gcc -c   conftest.c >&5
configure:12237: $? = 0
configure:12252: gcc -shared conftest.o  -v -o ./conftest -Wl,--enable-auto-image-base -Xlinker --out-implib -Xlinker conftest 2\>\&1 \| /usr/bin/grep  -lc  \>/dev/null 2\>\&1
configure:12255: $? = 1
configure:12267: result: yes
configure:12431: checking dynamic linker characteristics
configure:13117: result: Win32 ld.exe
configure:13219: checking how to hardcode library paths into programs
configure:13244: result: immediate
configure:14077: checking whether stripping libraries is possible
configure:14082: result: yes
configure:14117: checking if libtool supports shared libraries
configure:14119: result: yes
configure:14122: checking whether to build shared libraries
configure:14143: result: yes
configure:14146: checking whether to build static libraries
configure:14150: result: yes
configure:14300: checking for ld used by g++
configure:14367: result: /usr/x86_64-pc-cygwin/bin/ld.exe
configure:14376: checking if the linker (/usr/x86_64-pc-cygwin/bin/ld.exe) is GNU ld
configure:14391: result: yes
configure:14446: checking whether the g++ linker (/usr/x86_64-pc-cygwin/bin/ld.exe) supports shared libraries
configure:15421: result: yes
configure:15449: g++ -c -Wall -pedantic -Wno-long-long -Wno-variadic-macros -fmessage-length=0 -m64   conftest.cpp >&5
configure:15452: $? = 0
configure:15634: checking for g++ option to produce PIC
configure:15951: result: -DDLL_EXPORT -DPIC
configure:15960: checking if g++ PIC flag -DDLL_EXPORT -DPIC works
configure:15978: g++ -c -Wall -pedantic -Wno-long-long -Wno-variadic-macros -fmessage-length=0 -m64   -DDLL_EXPORT -DPIC -DPIC conftest.cpp >&5
configure:15982: $? = 0
configure:15995: result: yes
configure:16016: checking if g++ static flag -static works
configure:16044: result: yes
configure:16056: checking if g++ supports -c -o file.o
configure:16077: g++ -c -Wall -pedantic -Wno-long-long -Wno-variadic-macros -fmessage-length=0 -m64   -o out/conftest2.o conftest.cpp >&5
configure:16081: $? = 0
configure:16103: result: yes
configure:16108: checking if g++ supports -c -o file.o
configure:16155: result: yes
configure:16185: checking whether the g++ linker (/usr/x86_64-pc-cygwin/bin/ld.exe) supports shared libraries
configure:16211: result: yes
configure:16348: checking dynamic linker characteristics
configure:16982: result: Win32 ld.exe
configure:17033: checking how to hardcode library paths into programs
configure:17058: result: immediate
configure:17124: checking for doxygen
configure:17140: found /usr/bin/doxygen
configure:17151: result: doxygen
configure:17337: creating ./config.status

## ---------------------- ##
## Running config.status. ##
## ---------------------- ##

This file was extended by UVM-SystemC config.status 1.0-alpha1, which was
generated by GNU Autoconf 2.63.  Invocation command line was

  CONFIG_FILES    = 
  CONFIG_HEADERS  = 
  CONFIG_LINKS    = 
  CONFIG_COMMANDS = 
  $ ./config.status 

on ORW-H6SVSF2

config.status:1120: creating Makefile
config.status:1120: creating src/Makefile
config.status:1120: creating src/uvmsc/Makefile
config.status:1120: creating src/uvmsc/uvm-systemc.pc
config.status:1120: creating src/uvmsc/base/Makefile
config.status:1120: creating src/uvmsc/cb/Makefile
config.status:1120: creating src/uvmsc/comps/Makefile
config.status:1120: creating src/uvmsc/conf/Makefile
config.status:1120: creating src/uvmsc/dpi/Makefile
config.status:1120: creating src/uvmsc/factory/Makefile
config.status:1120: creating src/uvmsc/macros/Makefile
config.status:1120: creating src/uvmsc/misc/Makefile
config.status:1120: creating src/uvmsc/phasing/Makefile
config.status:1120: creating src/uvmsc/policy/Makefile
config.status:1120: creating src/uvmsc/print/Makefile
config.status:1120: creating src/uvmsc/report/Makefile
config.status:1120: creating src/uvmsc/seq/Makefile
config.status:1120: creating src/uvmsc/tlm1/Makefile
config.status:1120: creating examples/Makefile
config.status:1120: creating examples/uvmsc/Makefile
config.status:1120: creating docs/Makefile
config.status:1120: creating docs/uvmsc/doxygen/Doxyfile
config.status:1120: creating src/config.h
config.status:1394: executing depfiles commands
config.status:1394: executing libtool commands

------------------------------------------------------------------------------
Configuration summary of UVM-SystemC 1.0-alpha1 for x86_64-unknown-cygwin
------------------------------------------------------------------------------

 Directory setup (based on SystemC layout):
   Installation prefix: /cygdrive/c/tools/uvmsc/1.0a
   Header files:        /cygdrive/c/tools/uvmsc/1.0a/include
   Libraries:           /cygdrive/c/tools/uvmsc/1.0a/lib-cygwin64
   Documentation:       /cygdrive/c/tools/uvmsc/1.0a/docs
   Examples:            /cygdrive/c/tools/uvmsc/1.0a/examples

 Target architecture:   cygwin64

 Build settings:
   Compiler (flags):    g++
                        
   Preprocessor flags:  
   SystemC CFLAGS:      -I/cygdrive/c/tools/systemc/2.3.1a/include
   SystemC LIBS:        -L/cygdrive/c/tools/systemc/2.3.1a/lib-cygwin64 -lsystemc
   Additional LIBS:     
   Enable compiler optimizations:   yes
   Include debug symbols:           no
   Generate instrumentation calls:  no
   Regular expression library:      POSIX
------------------------------------------------------------------------------

## ---------------- ##
## Cache variables. ##
## ---------------- ##

ac_cv_build=x86_64-unknown-cygwin
ac_cv_c_compiler_gnu=yes
ac_cv_cxx_compiler_gnu=yes
ac_cv_env_CCC_set=
ac_cv_env_CCC_value=
ac_cv_env_CC_set=
ac_cv_env_CC_value=
ac_cv_env_CFLAGS_set=
ac_cv_env_CFLAGS_value=
ac_cv_env_CPPFLAGS_set=
ac_cv_env_CPPFLAGS_value=
ac_cv_env_CPP_set=
ac_cv_env_CPP_value=
ac_cv_env_CXXCPP_set=
ac_cv_env_CXXCPP_value=
ac_cv_env_CXXFLAGS_set=
ac_cv_env_CXXFLAGS_value=
ac_cv_env_CXX_set=
ac_cv_env_CXX_value=
ac_cv_env_LDFLAGS_set=
ac_cv_env_LDFLAGS_value=
ac_cv_env_LIBS_set=
ac_cv_env_LIBS_value=
ac_cv_env_PCRE_CFLAGS_set=
ac_cv_env_PCRE_CFLAGS_value=
ac_cv_env_PCRE_LIBS_set=
ac_cv_env_PCRE_LIBS_value=
ac_cv_env_PKG_CONFIG_set=
ac_cv_env_PKG_CONFIG_value=
ac_cv_env_SYSTEMC_CFLAGS_set=
ac_cv_env_SYSTEMC_CFLAGS_value=
ac_cv_env_SYSTEMC_LIBS_set=
ac_cv_env_SYSTEMC_LIBS_value=
ac_cv_env_build_alias_set=
ac_cv_env_build_alias_value=
ac_cv_env_host_alias_set=
ac_cv_env_host_alias_value=
ac_cv_env_target_alias_set=
ac_cv_env_target_alias_value=
ac_cv_exeext=.exe
ac_cv_header_dlfcn_h=yes
ac_cv_header_inttypes_h=yes
ac_cv_header_memory_h=yes
ac_cv_header_stdc=yes
ac_cv_header_stdint_h=yes
ac_cv_header_stdlib_h=yes
ac_cv_header_string_h=yes
ac_cv_header_strings_h=yes
ac_cv_header_sys_stat_h=yes
ac_cv_header_sys_types_h=yes
ac_cv_header_unistd_h=yes
ac_cv_host=x86_64-unknown-cygwin
ac_cv_lib_regex_regfree=no
ac_cv_objext=o
ac_cv_path_EGREP='/usr/bin/grep -E'
ac_cv_path_FGREP='/usr/bin/grep -F'
ac_cv_path_GREP=/usr/bin/grep
ac_cv_path_SED=/usr/bin/sed
ac_cv_path_ac_pt_PKG_CONFIG=/usr/bin/pkg-config
ac_cv_path_install='/usr/bin/install -c'
ac_cv_path_mkdir=/usr/bin/mkdir
ac_cv_prog_AWK=gawk
ac_cv_prog_CPP='gcc -E'
ac_cv_prog_CXXCPP='g++ -E'
ac_cv_prog_DOXYGEN=doxygen
ac_cv_prog_ac_ct_AR=ar
ac_cv_prog_ac_ct_CC=gcc
ac_cv_prog_ac_ct_CXX=g++
ac_cv_prog_ac_ct_OBJDUMP=objdump
ac_cv_prog_ac_ct_RANLIB=ranlib
ac_cv_prog_ac_ct_STRIP=strip
ac_cv_prog_cc_c89=
ac_cv_prog_cc_g=yes
ac_cv_prog_cxx_g=yes
ac_cv_prog_make_make_set=yes
ac_cv_search_regfree='none required'
ac_cv_target=x86_64-unknown-cygwin
am_cv_CC_dependencies_compiler_type=gcc3
am_cv_CXX_dependencies_compiler_type=gcc3
am_cv_prog_tar_pax=gnutar
lt_cv_deplibs_check_method='file_magic ^x86 archive import|^x86 DLL'
lt_cv_file_magic_cmd=func_win32_libid
lt_cv_file_magic_test_file=
lt_cv_ld_reload_flag=-r
lt_cv_nm_interface='BSD nm'
lt_cv_objdir=.libs
lt_cv_path_LD=/usr/x86_64-pc-cygwin/bin/ld.exe
lt_cv_path_LDCXX=/usr/x86_64-pc-cygwin/bin/ld.exe
lt_cv_path_NM='/usr/bin/nm -B'
lt_cv_prog_compiler_c_o=yes
lt_cv_prog_compiler_c_o_CXX=yes
lt_cv_prog_compiler_pic_works=yes
lt_cv_prog_compiler_pic_works_CXX=yes
lt_cv_prog_compiler_rtti_exceptions=no
lt_cv_prog_compiler_static_works=yes
lt_cv_prog_compiler_static_works_CXX=yes
lt_cv_prog_gnu_ld=yes
lt_cv_prog_gnu_ldcxx=yes
lt_cv_sys_global_symbol_pipe='sed -n -e '\''s/^.*[	 ]\([ABCDGIRSTW][ABCDGIRSTW]*\)[	 ][	 ]*\([_A-Za-z][_A-Za-z0-9]*\)$/\1 \2 \2/p'\'''
lt_cv_sys_global_symbol_to_c_name_address='sed -n -e '\''s/^: \([^ ]*\) $/  {\"\1\", (void *) 0},/p'\'' -e '\''s/^[ABCDGIRSTW]* \([^ ]*\) \([^ ]*\)$/  {"\2", (void *) \&\2},/p'\'''
lt_cv_sys_global_symbol_to_c_name_address_lib_prefix='sed -n -e '\''s/^: \([^ ]*\) $/  {\"\1\", (void *) 0},/p'\'' -e '\''s/^[ABCDGIRSTW]* \([^ ]*\) \(lib[^ ]*\)$/  {"\2", (void *) \&\2},/p'\'' -e '\''s/^[ABCDGIRSTW]* \([^ ]*\) \([^ ]*\)$/  {"lib\2", (void *) \&\2},/p'\'''
lt_cv_sys_global_symbol_to_cdecl='sed -n -e '\''s/^T .* \(.*\)$/extern int \1();/p'\'' -e '\''s/^[ABCDGIRSTW]* .* \(.*\)$/extern char \1;/p'\'''
lt_cv_sys_max_cmd_len=8192

## ----------------- ##
## Output variables. ##
## ----------------- ##

ACLOCAL='${SHELL} /cygdrive/c/users/ballance/Downloads/uvm-systemc-1.0-alpha1/config/missing --run aclocal-1.11'
AMDEPBACKSLASH='\'
AMDEP_FALSE='#'
AMDEP_TRUE=''
AMTAR='${SHELL} /cygdrive/c/users/ballance/Downloads/uvm-systemc-1.0-alpha1/config/missing --run tar'
AM_BACKSLASH='\'
AM_DEFAULT_VERBOSITY='0'
AR='ar'
AUTOCONF='${SHELL} /cygdrive/c/users/ballance/Downloads/uvm-systemc-1.0-alpha1/config/missing --run autoconf'
AUTOHEADER='${SHELL} /cygdrive/c/users/ballance/Downloads/uvm-systemc-1.0-alpha1/config/missing --run autoheader'
AUTOMAKE='${SHELL} /cygdrive/c/users/ballance/Downloads/uvm-systemc-1.0-alpha1/config/missing --run automake-1.11'
AWK='gawk'
CC='gcc'
CCDEPMODE='depmode=gcc3'
CFLAGS=''
CONFIGURE_DATE=''
CPP='gcc -E'
CPPFLAGS=''
CXX='g++'
CXXCPP='g++ -E'
CXXDEPMODE='depmode=gcc3'
CXXFLAGS=''
CYGPATH_W='cygpath -w'
DEBUG_CXXFLAGS='-g'
DEFS='-DHAVE_CONFIG_H'
DEPDIR='.deps'
DOXYGEN='doxygen'
DSYMUTIL=''
DUMPBIN=''
ECHO_C=''
ECHO_N='-n'
ECHO_T=''
EGREP='/usr/bin/grep -E'
EXEEXT='.exe'
EXTRA_CXXFLAGS='-Wall -pedantic -Wno-long-long -Wno-variadic-macros -fmessage-length=0 -m64'
FGREP='/usr/bin/grep -F'
GREP='/usr/bin/grep'
HAVE_CXX11=''
HAVE_CXX11_REGEX=''
HAVE_DOXYGEN_FALSE='#'
HAVE_DOXYGEN_TRUE=''
HAVE_PCRE_REGEX=''
HAVE_POSIX_REGEX=''
INSTALL_DATA='${INSTALL} -m 644'
INSTALL_PROGRAM='${INSTALL}'
INSTALL_SCRIPT='${INSTALL}'
INSTALL_STRIP_PROGRAM='$(install_sh) -c -s'
LD='/usr/x86_64-pc-cygwin/bin/ld.exe'
LDFLAGS=''
LDFLAG_RPATH='-Wl,-rpath='
LIBOBJS=''
LIBS=''
LIBTOOL='$(SHELL) $(top_builddir)/libtool'
LIB_ARCH_SUFFIX='-cygwin64'
LIPO=''
LN_S='ln -s'
LTLIBOBJS=''
MAKEINFO='${SHELL} /cygdrive/c/users/ballance/Downloads/uvm-systemc-1.0-alpha1/config/missing --run makeinfo'
MKDIR_P='/usr/bin/mkdir -p'
NM='/usr/bin/nm -B'
NMEDIT=''
OBJDUMP='objdump'
OBJEXT='o'
OPT_CXXFLAGS='-O3'
OTOOL64=''
OTOOL=''
PACKAGE='uvm-systemc'
PACKAGE_BUGREPORT='uvm-systemc-feedback@lists.accellera.org'
PACKAGE_NAME='UVM-SystemC'
PACKAGE_STRING='UVM-SystemC 1.0-alpha1'
PACKAGE_TARNAME='uvm-systemc'
PACKAGE_VERSION='1.0-alpha1'
PATH_SEPARATOR=':'
PCRE_CFLAGS=''
PCRE_LIBS=''
PKG_CONFIG='/usr/bin/pkg-config'
RANLIB='ranlib'
SED='/usr/bin/sed'
SET_MAKE=''
SHELL='/bin/sh'
STRIP='strip'
SYSTEMC_CFLAGS='-I/cygdrive/c/tools/systemc/2.3.1a/include'
SYSTEMC_LIBS='-L/cygdrive/c/tools/systemc/2.3.1a/lib-cygwin64 -lsystemc'
TARGET_ARCH='cygwin64'
UVM_RELEASE_DATE=''
UVM_VERSION=''
VERSION='1.0-alpha1'
WANT_DEBUG_FALSE=''
WANT_DEBUG_TRUE='#'
WANT_OPTIMIZED_FALSE='#'
WANT_OPTIMIZED_TRUE=''
ac_ct_CC='gcc'
ac_ct_CXX='g++'
ac_ct_DUMPBIN=''
am__EXEEXT_FALSE='#'
am__EXEEXT_TRUE=''
am__fastdepCC_FALSE='#'
am__fastdepCC_TRUE=''
am__fastdepCXX_FALSE='#'
am__fastdepCXX_TRUE=''
am__include='include'
am__isrc=''
am__leading_dot='.'
am__quote=''
am__tar='tar --format=posix -chf - "$$tardir"'
am__untar='tar -xf -'
bindir='${exec_prefix}/bin'
build='x86_64-unknown-cygwin'
build_alias=''
build_cpu='x86_64'
build_os='cygwin'
build_vendor='unknown'
datadir='${datarootdir}'
datarootdir='/cygdrive/c/tools/uvmsc/1.0a'
docdir='/cygdrive/c/tools/uvmsc/1.0a/docs'
dvidir='${docdir}'
examplesdir='/cygdrive/c/tools/uvmsc/1.0a/examples'
exec_prefix='${prefix}'
host='x86_64-unknown-cygwin'
host_alias=''
host_cpu='x86_64'
host_os='cygwin'
host_vendor='unknown'
htmldir='${docdir}'
includedir='${prefix}/include'
infodir='${datarootdir}/info'
install_sh='${SHELL} /cygdrive/c/users/ballance/Downloads/uvm-systemc-1.0-alpha1/config/install-sh'
libdir='${exec_prefix}/lib-cygwin64'
libexecdir='${exec_prefix}/libexec'
localedir='${datarootdir}/locale'
localstatedir='${prefix}/var'
lt_ECHO='echo'
mandir='${datarootdir}/man'
mkdir_p='/usr/bin/mkdir -p'
oldincludedir='/usr/include'
pdfdir='${docdir}'
prefix='/cygdrive/c/tools/uvmsc/1.0a'
program_transform_name='s,x,x,'
psdir='${docdir}'
rootdocdir='/cygdrive/c/tools/uvmsc/1.0a'
sbindir='${exec_prefix}/sbin'
sharedstatedir='${prefix}/com'
sysconfdir='${prefix}/etc'
target='x86_64-unknown-cygwin'
target_alias=''
target_cpu='x86_64'
target_os='cygwin'
target_vendor='unknown'

## ----------- ##
## confdefs.h. ##
## ----------- ##

#define PACKAGE_NAME "UVM-SystemC"
#define PACKAGE_TARNAME "uvm-systemc"
#define PACKAGE_VERSION "1.0-alpha1"
#define PACKAGE_STRING "UVM-SystemC 1.0-alpha1"
#define PACKAGE_BUGREPORT "uvm-systemc-feedback@lists.accellera.org"
#define CONFIGURE_DATE "Tue Aug  8 10:01:21 PDT 2017"
#define UVM_VERSION "1.0-alpha1"
#define UVM_RELEASE_DATE "2015-12-04"
#define HAVE_POSIX_REGEX 1
#define STDC_HEADERS 1
#define HAVE_SYS_TYPES_H 1
#define HAVE_SYS_STAT_H 1
#define HAVE_STDLIB_H 1
#define HAVE_STRING_H 1
#define HAVE_MEMORY_H 1
#define HAVE_STRINGS_H 1
#define HAVE_INTTYPES_H 1
#define HAVE_STDINT_H 1
#define HAVE_UNISTD_H 1
#define HAVE_DLFCN_H 1
#define LT_OBJDIR ".libs/"

configure: exit 0
